nohup: ignoring input
2026-03-04 13:21:20 | INFO | 🚀 Coletor de Virtual Casino iniciado
2026-03-04 13:21:20 | INFO | Intervalo: 300s | Arquivo: streamers.txt
2026-03-04 13:21:20 | INFO | Verificando 200 canais...
2026-03-04 13:21:21 | INFO | ⏭️  supplyzk ignorado (categoria: Counter-Strike - 32399)
2026-03-04 13:21:21 | INFO | ✅ matoco | 341 viewers | Virtual Casino
2026-03-04 13:21:21 | INFO | ⏭️  rauz1n ignorado (categoria: Just Chatting - 509658)
2026-03-04 13:21:21 | INFO | ✅ casalslotsbr | 58 viewers | Virtual Casino
2026-03-04 13:21:21 | INFO | ⏭️  aimenez ignorado (categoria: Legend of YMIR - 889298168)
2026-03-04 13:21:21 | INFO | ✅ rudeboiib05 | 502 viewers | Virtual Casino
2026-03-04 13:21:21 | INFO | ⏭️  pkennys ignorado (categoria: Counter-Strike - 32399)
2026-03-04 13:21:21 | INFO | ✅ zzsupremeog | 498 viewers | Virtual Casino
2026-03-04 13:21:21 | INFO | ⏭️  gordaons1 ignorado (categoria: Just Chatting - 509658)
2026-03-04 13:21:21 | INFO | ✅ tekagaming_ | 476 viewers | Virtual Casino
2026-03-04 13:21:21 | INFO | ✅ nokan777 | 467 viewers | Virtual Casino
2026-03-04 13:21:21 | INFO | ✅ daavix1 | 287 viewers | Virtual Casino
2026-03-04 13:21:21 | INFO | ⏭️  tralhans ignorado (categoria: Rust - 263490)
2026-03-04 13:21:21 | INFO | ⏭️  skyz9n ignorado (categoria: Counter-Strike - 32399)
2026-03-04 13:21:21 | INFO | ✅ guzz3ira | 104 viewers | Virtual Casino
2026-03-04 13:21:21 | INFO | ⏭️  kryonzin ignorado (categoria: Counter-Strike - 32399)
2026-03-04 13:21:21 | INFO | Rodada finalizada → Salvos: 8 | Ignorados: 8
2026-03-04 13:26:21 | INFO | Verificando 200 canais...
2026-03-04 13:26:21 | INFO | ⏭️  supplyzk ignorado (categoria: Counter-Strike - 32399)
2026-03-04 13:26:21 | INFO | ✅ matoco | 341 viewers | Virtual Casino
2026-03-04 13:26:21 | INFO | ⏭️  rauz1n ignorado (categoria: Just Chatting - 509658)
2026-03-04 13:26:21 | INFO | ✅ casalslotsbr | 57 viewers | Virtual Casino
2026-03-04 13:26:21 | INFO | ⏭️  aimenez ignorado (categoria: Legend of YMIR - 889298168)
2026-03-04 13:26:21 | INFO | ✅ rudeboiib05 | 502 viewers | Virtual Casino
2026-03-04 13:26:21 | INFO | ⏭️  pkennys ignorado (categoria: Counter-Strike - 32399)
2026-03-04 13:26:21 | INFO | ✅ zzsupremeog | 498 viewers | Virtual Casino
2026-03-04 13:26:21 | INFO | ⏭️  gordaons1 ignorado (categoria: Just Chatting - 509658)
2026-03-04 13:26:21 | INFO | ✅ nokan777 | 467 viewers | Virtual Casino
2026-03-04 13:26:21 | INFO | ✅ daavix1 | 277 viewers | Virtual Casino
2026-03-04 13:26:21 | INFO | ⏭️  tralhans ignorado (categoria: Rust - 263490)
2026-03-04 13:26:21 | INFO | ⏭️  skyz9n ignorado (categoria: Counter-Strike - 32399)
2026-03-04 13:26:21 | INFO | ✅ guzz3ira | 86 viewers | Virtual Casino
2026-03-04 13:26:21 | INFO | ⏭️  kryonzin ignorado (categoria: Counter-Strike - 32399)
2026-03-04 13:26:21 | INFO | Rodada finalizada → Salvos: 7 | Ignorados: 8
2026-03-04 13:31:21 | INFO | Verificando 200 canais...
2026-03-04 13:31:22 | INFO | ⏭️  supplyzk ignorado (categoria: Counter-Strike - 32399)
2026-03-04 13:31:22 | INFO | ✅ matoco | 341 viewers | Virtual Casino
2026-03-04 13:31:22 | INFO | ⏭️  rauz1n ignorado (categoria: Just Chatting - 509658)
2026-03-04 13:31:22 | INFO | ✅ casalslotsbr | 58 viewers | Virtual Casino
2026-03-04 13:31:22 | INFO | ⏭️  aimenez ignorado (categoria: Legend of YMIR - 889298168)
2026-03-04 13:31:22 | INFO | ✅ rudeboiib05 | 502 viewers | Virtual Casino
2026-03-04 13:31:22 | INFO | ✅ zzsupremeog | 498 viewers | Virtual Casino
2026-03-04 13:31:22 | INFO | ⏭️  pkennys ignorado (categoria: Counter-Strike - 32399)
2026-03-04 13:31:22 | INFO | ⏭️  gordaons1 ignorado (categoria: Just Chatting - 509658)
2026-03-04 13:31:22 | INFO | ✅ nokan777 | 467 viewers | Virtual Casino
2026-03-04 13:31:22 | INFO | ✅ daavix1 | 291 viewers | Virtual Casino
2026-03-04 13:31:22 | INFO | ⏭️  tralhans ignorado (categoria: Rust - 263490)
2026-03-04 13:31:22 | INFO | ⏭️  skyz9n ignorado (categoria: Counter-Strike - 32399)
2026-03-04 13:31:22 | INFO | ✅ guzz3ira | 86 viewers | Virtual Casino
2026-03-04 13:31:22 | INFO | ⏭️  kryonzin ignorado (categoria: Counter-Strike - 32399)
2026-03-04 13:31:22 | INFO | Rodada finalizada → Salvos: 7 | Ignorados: 8
2026-03-04 13:36:22 | INFO | Verificando 200 canais...
2026-03-04 13:36:22 | INFO | ⏭️  supplyzk ignorado (categoria: Counter-Strike - 32399)
2026-03-04 13:36:22 | INFO | ✅ matoco | 341 viewers | Virtual Casino
2026-03-04 13:36:22 | INFO | ⏭️  rauz1n ignorado (categoria: Just Chatting - 509658)
2026-03-04 13:36:22 | INFO | ✅ casalslotsbr | 59 viewers | Virtual Casino
2026-03-04 13:36:22 | INFO | ⏭️  aimenez ignorado (categoria: Legend of YMIR - 889298168)
2026-03-04 13:36:22 | INFO | ✅ rudeboiib05 | 502 viewers | Virtual Casino
2026-03-04 13:36:22 | INFO | ✅ zzsupremeog | 498 viewers | Virtual Casino
2026-03-04 13:36:22 | INFO | ⏭️  gordaons1 ignorado (categoria: Just Chatting - 509658)
2026-03-04 13:36:22 | INFO | ✅ nokan777 | 467 viewers | Virtual Casino
2026-03-04 13:36:22 | INFO | ✅ daavix1 | 291 viewers | Virtual Casino
2026-03-04 13:36:22 | INFO | ⏭️  tralhans ignorado (categoria: Rust - 263490)
2026-03-04 13:36:22 | INFO | ⏭️  skyz9n ignorado (categoria: Counter-Strike - 32399)
2026-03-04 13:36:22 | INFO | ✅ guzz3ira | 104 viewers | Virtual Casino
2026-03-04 13:36:22 | INFO | ⏭️  kryonzin ignorado (categoria: Counter-Strike - 32399)
2026-03-04 13:36:22 | INFO | Rodada finalizada → Salvos: 7 | Ignorados: 7
2026-03-04 13:41:22 | INFO | Verificando 200 canais...
2026-03-04 13:41:23 | INFO | ⏭️  supplyzk ignorado (categoria: Counter-Strike - 32399)
2026-03-04 13:41:23 | INFO | ✅ matoco | 341 viewers | Virtual Casino
2026-03-04 13:41:23 | INFO | ⏭️  rauz1n ignorado (categoria: Just Chatting - 509658)
2026-03-04 13:41:23 | INFO | ✅ casalslotsbr | 58 viewers | Virtual Casino
2026-03-04 13:41:23 | INFO | ⏭️  aimenez ignorado (categoria: Legend of YMIR - 889298168)
2026-03-04 13:41:23 | INFO | ✅ rudeboiib05 | 502 viewers | Virtual Casino
2026-03-04 13:41:23 | INFO | ✅ zzsupremeog | 498 viewers | Virtual Casino
2026-03-04 13:41:23 | INFO | ⏭️  gordaons1 ignorado (categoria: Just Chatting - 509658)
2026-03-04 13:41:23 | INFO | ✅ nokan777 | 467 viewers | Virtual Casino
2026-03-04 13:41:23 | INFO | ✅ daavix1 | 291 viewers | Virtual Casino
2026-03-04 13:41:23 | INFO | ⏭️  tralhans ignorado (categoria: Rust - 263490)
2026-03-04 13:41:23 | INFO | ⏭️  skyz9n ignorado (categoria: Counter-Strike - 32399)
2026-03-04 13:41:23 | INFO | ✅ guzz3ira | 85 viewers | Virtual Casino
2026-03-04 13:41:23 | INFO | ⏭️  kryonzin ignorado (categoria: Counter-Strike - 32399)
2026-03-04 13:41:23 | INFO | Rodada finalizada → Salvos: 7 | Ignorados: 7
2026-03-04 13:46:23 | INFO | Verificando 200 canais...
2026-03-04 13:46:23 | INFO | ⏭️  supplyzk ignorado (categoria: Counter-Strike - 32399)
2026-03-04 13:46:23 | INFO | ✅ matoco | 337 viewers | Virtual Casino
2026-03-04 13:46:23 | INFO | ⏭️  rauz1n ignorado (categoria: Just Chatting - 509658)
2026-03-04 13:46:23 | INFO | ✅ casalslotsbr | 61 viewers | Virtual Casino
2026-03-04 13:46:23 | INFO | ⏭️  aimenez ignorado (categoria: Legend of YMIR - 889298168)
2026-03-04 13:46:23 | INFO | ✅ rudeboiib05 | 502 viewers | Virtual Casino
2026-03-04 13:46:23 | INFO | ✅ zzsupremeog | 498 viewers | Virtual Casino
2026-03-04 13:46:23 | INFO | ⏭️  gordaons1 ignorado (categoria: Just Chatting - 509658)
2026-03-04 13:46:23 | INFO | ✅ nokan777 | 467 viewers | Virtual Casino
2026-03-04 13:46:23 | INFO | ✅ daavix1 | 291 viewers | Virtual Casino
2026-03-04 13:46:23 | INFO | ⏭️  tralhans ignorado (categoria: Rust - 263490)
2026-03-04 13:46:23 | INFO | ⏭️  skyz9n ignorado (categoria: Counter-Strike - 32399)
2026-03-04 13:46:23 | INFO | ✅ guzz3ira | 104 viewers | Virtual Casino
2026-03-04 13:46:23 | INFO | ⏭️  kryonzin ignorado (categoria: Counter-Strike - 32399)
2026-03-04 13:46:23 | INFO | Rodada finalizada → Salvos: 7 | Ignorados: 7
2026-03-04 13:51:23 | INFO | Verificando 200 canais...
2026-03-04 13:51:24 | INFO | ⏭️  supplyzk ignorado (categoria: Counter-Strike - 32399)
2026-03-04 13:51:24 | INFO | ✅ matoco | 337 viewers | Virtual Casino
2026-03-04 13:51:24 | INFO | ✅ yek1ndarxd | 115 viewers | Virtual Casino
2026-03-04 13:51:24 | INFO | ⏭️  rauz1n ignorado (categoria: Just Chatting - 509658)
2026-03-04 13:51:24 | INFO | ✅ casalslotsbr | 57 viewers | Virtual Casino
2026-03-04 13:51:24 | INFO | ⏭️  aimenez ignorado (categoria: Legend of YMIR - 889298168)
2026-03-04 13:51:24 | INFO | ✅ rudeboiib05 | 502 viewers | Virtual Casino
2026-03-04 13:51:24 | INFO | ✅ zzsupremeog | 498 viewers | Virtual Casino
2026-03-04 13:51:24 | INFO | ⏭️  gordaons1 ignorado (categoria: Just Chatting - 509658)
2026-03-04 13:51:24 | INFO | ✅ nokan777 | 467 viewers | Virtual Casino
2026-03-04 13:51:24 | INFO | ✅ daavix1 | 291 viewers | Virtual Casino
2026-03-04 13:51:24 | INFO | ⏭️  tralhans ignorado (categoria: Rust - 263490)
2026-03-04 13:51:24 | INFO | ⏭️  skyz9n ignorado (categoria: Counter-Strike - 32399)
2026-03-04 13:51:24 | INFO | ✅ guzz3ira | 85 viewers | Virtual Casino
2026-03-04 13:51:24 | INFO | ⏭️  kryonzin ignorado (categoria: Counter-Strike - 32399)
2026-03-04 13:51:24 | INFO | Rodada finalizada → Salvos: 8 | Ignorados: 7
2026-03-04 13:56:24 | INFO | Verificando 200 canais...
2026-03-04 13:56:24 | INFO | ⏭️  supplyzk ignorado (categoria: Counter-Strike - 32399)
2026-03-04 13:56:24 | INFO | ✅ yek1ndarxd | 389 viewers | Virtual Casino
2026-03-04 13:56:24 | INFO | ✅ matoco | 337 viewers | Virtual Casino
2026-03-04 13:56:24 | INFO | ⏭️  rauz1n ignorado (categoria: Just Chatting - 509658)
2026-03-04 13:56:24 | INFO | ✅ casalslotsbr | 58 viewers | Virtual Casino
2026-03-04 13:56:24 | INFO | ⏭️  aimenez ignorado (categoria: Legend of YMIR - 889298168)
2026-03-04 13:56:24 | INFO | ✅ rudeboiib05 | 502 viewers | Virtual Casino
2026-03-04 13:56:24 | INFO | ✅ zzsupremeog | 498 viewers | Virtual Casino
2026-03-04 13:56:24 | INFO | ⏭️  gordaons1 ignorado (categoria: Just Chatting - 509658)
2026-03-04 13:56:24 | INFO | ✅ nokan777 | 467 viewers | Virtual Casino
2026-03-04 13:56:24 | INFO | ✅ daavix1 | 294 viewers | Virtual Casino
2026-03-04 13:56:24 | INFO | ⏭️  tralhans ignorado (categoria: Rust - 263490)
2026-03-04 13:56:24 | INFO | ⏭️  skyz9n ignorado (categoria: Counter-Strike - 32399)
2026-03-04 13:56:24 | INFO | ✅ guzz3ira | 104 viewers | Virtual Casino
2026-03-04 13:56:24 | INFO | ⏭️  kryonzin ignorado (categoria: Counter-Strike - 32399)
2026-03-04 13:56:24 | INFO | Rodada finalizada → Salvos: 8 | Ignorados: 7
